<?xml version="1.0" encoding="UTF-8"?>
<!-- Generated by org.testng.reporters.JUnitXMLReporter -->
<testsuite ignored="0" hostname="Fatimas-MacBook-Air.local" failures="1" tests="1" name="Sanity" time="5.098" errors="0" timestamp="2025-10-21T22:27:59 EEST">
  <testcase classname="tests.CatalogTests" name="sanityLoadsHome" time="0.022">
    <failure type="java.lang.AssertionError" message="Header/navbar should be visible on home page expected [true] but found [false]">
      <![CDATA[java.lang.AssertionError: Header/navbar should be visible on home page expected [true] but found [false]
at tests.CatalogTests.sanityLoadsHome(CatalogTests.java:17)
at java.base/java.util.ArrayList.forEach(ArrayList.java:1604)
... Removed 28 stack frames]]>
    </failure>
  </testcase> <!-- sanityLoadsHome -->
</testsuite> <!-- Sanity -->
